Using pre-set license
Built from '2020.3/staging' branch; Version is '2020.3.22f1 (e1a7f79fd887) revision 14788599'; Using compiler version '192528614'; Build Type 'Release'
OS: 'Windows 10 Pro; OS build 19043.928; Version 2009; 64bit' Language: 'en' Physical Memory: 14188 MB
BatchMode: 1, IsHumanControllingUs: 0, StartBugReporterOnCrash: 0, Is64bit: 1, IsPro: 0

COMMAND LINE ARGUMENTS:
C:\Program Files\Unity\Hub\Editor\2020.3.22f1\Editor\Unity.exe
-adb2
-batchMode
-noUpm
-name
AssetImportWorker0
-projectPath
C:/Users/Harun Albayrak/Vuforia
-logFile
Logs/AssetImportWorker0.log
-srvPort
49760
Successfully changed project path to: C:/Users/Harun Albayrak/Vuforia
C:/Users/Harun Albayrak/Vuforia
Using Asset Import Pipeline V2.
Refreshing native plugins compatible for Editor in 78.73 ms, found 5 plugins.
Preloading 2 native plugins for Editor in 2.06 ms.
Initialize engine version: 2020.3.22f1 (e1a7f79fd887)
[Subsystems] Discovering subsystems at path C:/Program Files/Unity/Hub/Editor/2020.3.22f1/Editor/Data/Resources/UnitySubsystems
[Subsystems] Discovering subsystems at path C:/Users/Harun Albayrak/Vuforia/Assets
GfxDevice: creating device client; threaded=0
Direct3D:
    Version:  Direct3D 11.0 [level 11.1]
    Renderer: AMD Radeon(TM) Graphics (ID=0x1638)
    Vendor:   
    VRAM:     7094 MB
    Driver:   27.20.14032.9002
Initialize mono
Mono path[0] = 'C:/Program Files/Unity/Hub/Editor/2020.3.22f1/Editor/Data/Managed'
Mono path[1] = 'C:/Program Files/Unity/Hub/Editor/2020.3.22f1/Editor/Data/MonoBleedingEdge/lib/mono/unityjit'
Mono config path = 'C:/Program Files/Unity/Hub/Editor/2020.3.22f1/Editor/Data/MonoBleedingEdge/etc'
Using monoOptions --debugger-agent=transport=dt_socket,embedding=1,server=y,suspend=n,address=127.0.0.1:56620
Begin MonoManager ReloadAssembly
Registering precompiled unity dll's ...
Register platform support module: C:/Program Files/Unity/Hub/Editor/2020.3.22f1/Editor/Data/PlaybackEngines/WebGLSupport/UnityEditor.WebGL.Extensions.dll
Register platform support module: C:/Program Files/Unity/Hub/Editor/2020.3.22f1/Editor/Data/PlaybackEngines/WindowsStandaloneSupport/UnityEditor.WindowsStandalone.Extensions.dll
Register platform support module: C:/Program Files/Unity/Hub/Editor/2020.3.22f1/Editor/Data/PlaybackEngines/LinuxStandaloneSupport/UnityEditor.LinuxStandalone.Extensions.dll
Registered in 0.002335 seconds.
Native extension for LinuxStandalone target not found
Native extension for WindowsStandalone target not found
Native extension for WebGL target not found
Refreshing native plugins compatible for Editor in 53.58 ms, found 5 plugins.
Preloading 2 native plugins for Editor in 0.11 ms.
Mono: successfully reloaded assembly
- Completed reload, in  2.329 seconds
Domain Reload Profiling:
	ReloadAssembly (2329ms)
		BeginReloadAssembly (74ms)
			ExecutionOrderSort (0ms)
			DisableScriptedObjects (0ms)
			BackupInstance (0ms)
			ReleaseScriptingObjects (0ms)
			CreateAndSetChildDomain (1ms)
		EndReloadAssembly (540ms)
			LoadAssemblies (73ms)
			RebuildTransferFunctionScriptingTraits (0ms)
			SetupTypeCache (201ms)
			ReleaseScriptCaches (0ms)
			RebuildScriptCaches (29ms)
			SetupLoadedEditorAssemblies (204ms)
				LogAssemblyErrors (0ms)
				InitializePlatformSupportModulesInManaged (7ms)
				SetLoadedEditorAssemblies (0ms)
				RefreshPlugins (54ms)
				BeforeProcessingInitializeOnLoad (10ms)
				ProcessInitializeOnLoadAttributes (104ms)
				ProcessInitializeOnLoadMethodAttributes (29ms)
				AfterProcessingInitializeOnLoad (0ms)
				EditorAssembliesLoaded (0ms)
			ExecutionOrderSort2 (0ms)
			AwakeInstancesAfterBackupRestoration (0ms)
Platform modules already initialized, skipping
Registering precompiled user dll's ...
Registered in 0.013558 seconds.
Begin MonoManager ReloadAssembly
Native extension for LinuxStandalone target not found
Native extension for WindowsStandalone target not found
Native extension for WebGL target not found
Refreshing native plugins compatible for Editor in 0.64 ms, found 5 plugins.
Preloading 2 native plugins for Editor in 0.11 ms.
System.NullReferenceException: Object reference not set to an instance of an object
  at Vuforia.EditorClasses.ExtensionTypeProvider.GetVuforiaPackageAbsPath () [0x0004a] in <67f168408fbf4fce9c04342c093e9fe7>:0 
  at Vuforia.EditorClasses.ExtensionTypeProvider.IsPackageManager () [0x00000] in <67f168408fbf4fce9c04342c093e9fe7>:0 
  at Vuforia.EditorClasses.ExtensionTypeProvider.ResolvePluginType () [0x00009] in <67f168408fbf4fce9c04342c093e9fe7>:0 
  at Vuforia.EditorClasses.ExtensionTypeProvider.GetPluginType () [0x0000c] in <67f168408fbf4fce9c04342c093e9fe7>:0 
  at Vuforia.EditorClasses.VuforiaUtilities.IsVuforiaEnabledInPlayerSettings () [0x00000] in <67f168408fbf4fce9c04342c093e9fe7>:0 
  at VuforiaEnabledObserver..cctor () [0x00000] in <67f168408fbf4fce9c04342c093e9fe7>:0 
UnityEngine.StackTraceUtility:ExtractStackTrace ()
UnityEngine.DebugLogHandler:LogFormat (UnityEngine.LogType,UnityEngine.Object,string,object[])
UnityEngine.Logger:Log (UnityEngine.LogType,object)
UnityEngine.Debug:LogError (object)
UnityEditor.EditorAssemblies:ProcessInitializeOnLoadAttributes (System.Type[])

System.NullReferenceException: Object reference not set to an instance of an object
  at Vuforia.EditorClasses.ExtensionTypeProvider.GetVuforiaPackageAbsPath () [0x0004a] in <67f168408fbf4fce9c04342c093e9fe7>:0 
  at Vuforia.EditorClasses.ExtensionTypeProvider.IsPackageManager () [0x00000] in <67f168408fbf4fce9c04342c093e9fe7>:0 
  at Vuforia.EditorClasses.ExtensionTypeProvider.ResolvePluginType () [0x00009] in <67f168408fbf4fce9c04342c093e9fe7>:0 
  at Vuforia.EditorClasses.ExtensionTypeProvider.GetPluginType () [0x0000c] in <67f168408fbf4fce9c04342c093e9fe7>:0 
  at Vuforia.EditorClasses.VuforiaUtilities.IsVuforiaEnabledInPlayerSettings () [0x00000] in <67f168408fbf4fce9c04342c093e9fe7>:0 
  at Vuforia.EditorClasses.InitializeOnLoadVuforiaTaskRunner..cctor () [0x00015] in <67f168408fbf4fce9c04342c093e9fe7>:0 
UnityEngine.StackTraceUtility:ExtractStackTrace ()
UnityEngine.DebugLogHandler:LogFormat (UnityEngine.LogType,UnityEngine.Object,string,object[])
UnityEngine.Logger:Log (UnityEngine.LogType,object)
UnityEngine.Debug:LogError (object)
UnityEditor.EditorAssemblies:ProcessInitializeOnLoadAttributes (System.Type[])

Mono: successfully reloaded assembly
- Completed reload, in  1.197 seconds
Domain Reload Profiling:
	ReloadAssembly (1198ms)
		BeginReloadAssembly (154ms)
			ExecutionOrderSort (0ms)
			DisableScriptedObjects (5ms)
			BackupInstance (0ms)
			ReleaseScriptingObjects (0ms)
			CreateAndSetChildDomain (21ms)
		EndReloadAssembly (968ms)
			LoadAssemblies (103ms)
			RebuildTransferFunctionScriptingTraits (0ms)
			SetupTypeCache (326ms)
			ReleaseScriptCaches (1ms)
			RebuildScriptCaches (53ms)
			SetupLoadedEditorAssemblies (373ms)
				LogAssemblyErrors (0ms)
				InitializePlatformSupportModulesInManaged (7ms)
				SetLoadedEditorAssemblies (0ms)
				RefreshPlugins (1ms)
				BeforeProcessingInitializeOnLoad (70ms)
				ProcessInitializeOnLoadAttributes (281ms)
				ProcessInitializeOnLoadMethodAttributes (8ms)
				AfterProcessingInitializeOnLoad (5ms)
				EditorAssembliesLoaded (0ms)
			ExecutionOrderSort2 (0ms)
			AwakeInstancesAfterBackupRestoration (7ms)
Platform modules already initialized, skipping
========================================================================
Worker process is ready to serve import requests
Launched and connected shader compiler UnityShaderCompiler.exe after 0.06 seconds
Refreshing native plugins compatible for Editor in 0.72 ms, found 5 plugins.
Preloading 2 native plugins for Editor in 0.13 ms.
Unloading 1640 Unused Serialized files (Serialized files now loaded: 0)
System memory in use before: 78.1 MB.
System memory in use after: 78.2 MB.

Unloading 48 unused Assets to reduce memory usage. Loaded Objects now: 2342.
Total: 3.760700 ms (FindLiveObjects: 0.190500 ms CreateObjectMapping: 0.082300 ms MarkObjects: 3.393600 ms  DeleteObjects: 0.092600 ms)

AssetImportParameters requested are different than current active one (requested -> active):
  custom:framework-win-MediaFoundation: 216162199b28c13a410421893ffa2e32 -> 
  custom:video-decoder-ogg-theora: a1e56fd34408186e4bbccfd4996cb3dc -> 
  custom:container-muxer-webm: aa71ff27fc2769a1b78a27578f13a17b -> 
  custom:container-demuxer-webm: 4f35f7cbe854078d1ac9338744f61a02 -> 
  custom:container-demuxer-ogg: 62fdf1f143b41e24485cea50d1cbac27 -> 
  custom:video-encoder-webm-vp8: eb34c28f22e8b96e1ab97ce403110664 -> 
  custom:video-decoder-webm-vp8: 9c59270c3fd7afecdb556c50c9e8de78 -> 
  custom:audio-decoder-ogg-vorbis: bf7c407c2cedff20999df2af8eb42d56 -> 
  custom:audio-encoder-webm-vorbis: bf7c407c2cedff20999df2af8eb42d56 -> 
========================================================================
Received Prepare
Registering precompiled user dll's ...
Registered in 0.012471 seconds.
Begin MonoManager ReloadAssembly
Native extension for LinuxStandalone target not found
Native extension for WindowsStandalone target not found
Native extension for WebGL target not found
Refreshing native plugins compatible for Editor in 0.63 ms, found 5 plugins.
Preloading 2 native plugins for Editor in 0.12 ms.
System.NullReferenceException: Object reference not set to an instance of an object
  at Vuforia.EditorClasses.ExtensionTypeProvider.GetVuforiaPackageAbsPath () [0x0004a] in <67f168408fbf4fce9c04342c093e9fe7>:0 
  at Vuforia.EditorClasses.ExtensionTypeProvider.IsPackageManager () [0x00000] in <67f168408fbf4fce9c04342c093e9fe7>:0 
  at Vuforia.EditorClasses.ExtensionTypeProvider.ResolvePluginType () [0x00009] in <67f168408fbf4fce9c04342c093e9fe7>:0 
  at Vuforia.EditorClasses.ExtensionTypeProvider.GetPluginType () [0x0000c] in <67f168408fbf4fce9c04342c093e9fe7>:0 
  at Vuforia.EditorClasses.VuforiaUtilities.IsVuforiaEnabledInPlayerSettings () [0x00000] in <67f168408fbf4fce9c04342c093e9fe7>:0 
  at VuforiaEnabledObserver..cctor () [0x00000] in <67f168408fbf4fce9c04342c093e9fe7>:0 
UnityEngine.StackTraceUtility:ExtractStackTrace ()
UnityEngine.DebugLogHandler:LogFormat (UnityEngine.LogType,UnityEngine.Object,string,object[])
UnityEngine.Logger:Log (UnityEngine.LogType,object)
UnityEngine.Debug:LogError (object)
UnityEditor.EditorAssemblies:ProcessInitializeOnLoadAttributes (System.Type[])

System.NullReferenceException: Object reference not set to an instance of an object
  at Vuforia.EditorClasses.ExtensionTypeProvider.GetVuforiaPackageAbsPath () [0x0004a] in <67f168408fbf4fce9c04342c093e9fe7>:0 
  at Vuforia.EditorClasses.ExtensionTypeProvider.IsPackageManager () [0x00000] in <67f168408fbf4fce9c04342c093e9fe7>:0 
  at Vuforia.EditorClasses.ExtensionTypeProvider.ResolvePluginType () [0x00009] in <67f168408fbf4fce9c04342c093e9fe7>:0 
  at Vuforia.EditorClasses.ExtensionTypeProvider.GetPluginType () [0x0000c] in <67f168408fbf4fce9c04342c093e9fe7>:0 
  at Vuforia.EditorClasses.VuforiaUtilities.IsVuforiaEnabledInPlayerSettings () [0x00000] in <67f168408fbf4fce9c04342c093e9fe7>:0 
  at Vuforia.EditorClasses.InitializeOnLoadVuforiaTaskRunner..cctor () [0x00015] in <67f168408fbf4fce9c04342c093e9fe7>:0 
UnityEngine.StackTraceUtility:ExtractStackTrace ()
UnityEngine.DebugLogHandler:LogFormat (UnityEngine.LogType,UnityEngine.Object,string,object[])
UnityEngine.Logger:Log (UnityEngine.LogType,object)
UnityEngine.Debug:LogError (object)
UnityEditor.EditorAssemblies:ProcessInitializeOnLoadAttributes (System.Type[])

Mono: successfully reloaded assembly
- Completed reload, in  1.287 seconds
Domain Reload Profiling:
	ReloadAssembly (1288ms)
		BeginReloadAssembly (138ms)
			ExecutionOrderSort (0ms)
			DisableScriptedObjects (7ms)
			BackupInstance (0ms)
			ReleaseScriptingObjects (0ms)
			CreateAndSetChildDomain (40ms)
		EndReloadAssembly (1079ms)
			LoadAssemblies (102ms)
			RebuildTransferFunctionScriptingTraits (0ms)
			SetupTypeCache (334ms)
			ReleaseScriptCaches (1ms)
			RebuildScriptCaches (38ms)
			SetupLoadedEditorAssemblies (513ms)
				LogAssemblyErrors (0ms)
				InitializePlatformSupportModulesInManaged (7ms)
				SetLoadedEditorAssemblies (0ms)
				RefreshPlugins (1ms)
				BeforeProcessingInitializeOnLoad (132ms)
				ProcessInitializeOnLoadAttributes (358ms)
				ProcessInitializeOnLoadMethodAttributes (9ms)
				AfterProcessingInitializeOnLoad (6ms)
				EditorAssembliesLoaded (0ms)
			ExecutionOrderSort2 (0ms)
			AwakeInstancesAfterBackupRestoration (8ms)
Platform modules already initialized, skipping
Switching build target platform(19) subTarget(0) extendedPlatform(0) -> platform(13) subTarget(537395200) extendedPlatform(0)
Refreshing native plugins compatible for Editor in 1.36 ms, found 5 plugins.
Preloading 2 native plugins for Editor in 0.27 ms.
Unloading 1613 Unused Serialized files (Serialized files now loaded: 0)
System memory in use before: 75.0 MB.
System memory in use after: 75.1 MB.

Unloading 43 unused Assets to reduce memory usage. Loaded Objects now: 2345.
Total: 8.229700 ms (FindLiveObjects: 0.325000 ms CreateObjectMapping: 0.134900 ms MarkObjects: 7.690900 ms  DeleteObjects: 0.075600 ms)

AssetImportParameters requested are different than current active one (requested -> active):
  custom:framework-win-MediaFoundation: 216162199b28c13a410421893ffa2e32 -> 
  custom:video-decoder-ogg-theora: a1e56fd34408186e4bbccfd4996cb3dc -> 
  custom:container-muxer-webm: aa71ff27fc2769a1b78a27578f13a17b -> 
  custom:container-demuxer-webm: 4f35f7cbe854078d1ac9338744f61a02 -> 
  custom:container-demuxer-ogg: 62fdf1f143b41e24485cea50d1cbac27 -> 
  custom:video-encoder-webm-vp8: eb34c28f22e8b96e1ab97ce403110664 -> 
  custom:video-decoder-webm-vp8: 9c59270c3fd7afecdb556c50c9e8de78 -> 
  custom:graphics/normal-map-encoding: 01000000000000000000000000000000 -> 02000000000000000000000000000000
  custom:audio-decoder-ogg-vorbis: bf7c407c2cedff20999df2af8eb42d56 -> 
  custom:audio-encoder-webm-vorbis: bf7c407c2cedff20999df2af8eb42d56 -> 
========================================================================
Received Import Request.
  path: Assets/imageTargetScript0.cs
  artifactKey: Guid(aba6ca3345341314da7d130988d39a03) Importer(815301076,1909f56bfc062723c751e8b465ee728b)
Start importing Assets/imageTargetScript0.cs using Guid(aba6ca3345341314da7d130988d39a03) Importer(815301076,1909f56bfc062723c751e8b465ee728b)  -> (artifact id: '6aebb1f10aa51c87d10cb302195c1f9f') in 0.159329 seconds 
  Import took 0.166603 seconds .

========================================================================
Received Prepare
Refreshing native plugins compatible for Editor in 10.34 ms, found 5 plugins.
Preloading 2 native plugins for Editor in 0.09 ms.
Unloading 40 Unused Serialized files (Serialized files now loaded: 0)
System memory in use before: 44.4 MB.
System memory in use after: 44.5 MB.

Unloading 40 unused Assets to reduce memory usage. Loaded Objects now: 2345.
Total: 3.650300 ms (FindLiveObjects: 0.200700 ms CreateObjectMapping: 0.071900 ms MarkObjects: 3.355300 ms  DeleteObjects: 0.021400 ms)

AssetImportParameters requested are different than current active one (requested -> active):
  custom:framework-win-MediaFoundation: 216162199b28c13a410421893ffa2e32 -> 
  custom:video-decoder-ogg-theora: a1e56fd34408186e4bbccfd4996cb3dc -> 
  custom:container-muxer-webm: aa71ff27fc2769a1b78a27578f13a17b -> 
  custom:container-demuxer-webm: 4f35f7cbe854078d1ac9338744f61a02 -> 
  custom:container-demuxer-ogg: 62fdf1f143b41e24485cea50d1cbac27 -> 
  custom:video-encoder-webm-vp8: eb34c28f22e8b96e1ab97ce403110664 -> 
  custom:video-decoder-webm-vp8: 9c59270c3fd7afecdb556c50c9e8de78 -> 
  custom:audio-decoder-ogg-vorbis: bf7c407c2cedff20999df2af8eb42d56 -> 
  custom:audio-encoder-webm-vorbis: bf7c407c2cedff20999df2af8eb42d56 -> 
========================================================================
Received Import Request.
  Time since last request: 1048.481229 seconds.
  path: Assets/RPGPP_LT
  artifactKey: Guid(5862594d72d829d428cbb0e4c918aaf0) Importer(815301076,1909f56bfc062723c751e8b465ee728b)
Start importing Assets/RPGPP_LT using Guid(5862594d72d829d428cbb0e4c918aaf0) Importer(815301076,1909f56bfc062723c751e8b465ee728b)  -> (artifact id: '53c520e8fdbe416981bb9614d73f8cc7') in 0.011214 seconds 
  Import took 0.015644 seconds .

========================================================================
Received Import Request.
  Time since last request: 1.090654 seconds.
  path: Assets/RPGPP_LT/Prefabs
  artifactKey: Guid(5418b837466e9e540a4c9142c8646667) Importer(815301076,1909f56bfc062723c751e8b465ee728b)
Start importing Assets/RPGPP_LT/Prefabs using Guid(5418b837466e9e540a4c9142c8646667) Importer(815301076,1909f56bfc062723c751e8b465ee728b)  -> (artifact id: '65c38156f849dfbdbfa14dc5281b58eb') in 0.017468 seconds 
  Import took 0.022043 seconds .

========================================================================
Received Import Request.
  Time since last request: 1.189555 seconds.
  path: Assets/RPGPP_LT/Prefabs/Props
  artifactKey: Guid(4074df064ec1ac341a3d1ad54cefc56a) Importer(815301076,1909f56bfc062723c751e8b465ee728b)
Start importing Assets/RPGPP_LT/Prefabs/Props using Guid(4074df064ec1ac341a3d1ad54cefc56a) Importer(815301076,1909f56bfc062723c751e8b465ee728b)  -> (artifact id: 'e140c4ab701e7b6f89e21f7ace0af001') in 0.016747 seconds 
  Import took 0.020977 seconds .

========================================================================
Received Import Request.
  Time since last request: 0.809861 seconds.
  path: Assets/RPGPP_LT/Prefabs/Props/Furniture
  artifactKey: Guid(3f958f6d490fa3c409a72ba1b872ef86) Importer(815301076,1909f56bfc062723c751e8b465ee728b)
Start importing Assets/RPGPP_LT/Prefabs/Props/Furniture using Guid(3f958f6d490fa3c409a72ba1b872ef86) Importer(815301076,1909f56bfc062723c751e8b465ee728b)  -> (artifact id: 'd27cd3ae037028d511855d1fe7224462') in 0.012094 seconds 
  Import took 0.016237 seconds .

========================================================================
Received Import Request.
  Time since last request: 0.470153 seconds.
  path: Assets/RPGPP_LT/Prefabs/Props/Containers
  artifactKey: Guid(fc5bc5139597e9345b4ed47ff049af1a) Importer(815301076,1909f56bfc062723c751e8b465ee728b)
Start importing Assets/RPGPP_LT/Prefabs/Props/Containers using Guid(fc5bc5139597e9345b4ed47ff049af1a) Importer(815301076,1909f56bfc062723c751e8b465ee728b)  -> (artifact id: 'e2c54f4398e5d4a2210fbaa447c97e66') in 0.011603 seconds 
  Import took 0.015582 seconds .

========================================================================
Received Import Request.
  Time since last request: 0.047461 seconds.
  path: Assets/RPGPP_LT/Prefabs/Props/Containers/rpgpp_lt_barrel_01.prefab
  artifactKey: Guid(08b7d3dcb8d6b9247b1800cd79905e16) Importer(815301076,1909f56bfc062723c751e8b465ee728b)
Start importing Assets/RPGPP_LT/Prefabs/Props/Containers/rpgpp_lt_barrel_01.prefab using Guid(08b7d3dcb8d6b9247b1800cd79905e16) Importer(815301076,1909f56bfc062723c751e8b465ee728b)  -> (artifact id: 'aa6b0ade8efe8dd21a24589c803db0bb') in 0.105290 seconds 
  Import took 0.109971 seconds .

========================================================================
Received Import Request.
  Time since last request: 0.000347 seconds.
  path: Assets/RPGPP_LT/Prefabs/Props/Containers/rpgpp_lt_sack_01.prefab
  artifactKey: Guid(f274f0fb5e5bc294ca9a0ff4cf1f0ff7) Importer(815301076,1909f56bfc062723c751e8b465ee728b)
Start importing Assets/RPGPP_LT/Prefabs/Props/Containers/rpgpp_lt_sack_01.prefab using Guid(f274f0fb5e5bc294ca9a0ff4cf1f0ff7) Importer(815301076,1909f56bfc062723c751e8b465ee728b)  -> (artifact id: 'f9fd62a61522e479d02e50e3fac2fd04') in 0.031352 seconds 
  Import took 0.035332 seconds .

========================================================================
Received Import Request.
  Time since last request: 0.000318 seconds.
  path: Assets/RPGPP_LT/Prefabs/Props/Containers/rpgpp_lt_bowl_metal_01.prefab
  artifactKey: Guid(c20b40242fb425a48840e03f7f3a50f4) Importer(815301076,1909f56bfc062723c751e8b465ee728b)
Start importing Assets/RPGPP_LT/Prefabs/Props/Containers/rpgpp_lt_bowl_metal_01.prefab using Guid(c20b40242fb425a48840e03f7f3a50f4) Importer(815301076,1909f56bfc062723c751e8b465ee728b)  -> (artifact id: 'f12866d99a33ebe721324607a538bbfa') in 0.024993 seconds 
  Import took 0.031637 seconds .

========================================================================
Received Import Request.
  Time since last request: 0.000561 seconds.
  path: Assets/RPGPP_LT/Prefabs/Props/Containers/rpgpp_lt_trough_01.prefab
  artifactKey: Guid(7f3b1263233678a4a92861d908051fe3) Importer(815301076,1909f56bfc062723c751e8b465ee728b)
Start importing Assets/RPGPP_LT/Prefabs/Props/Containers/rpgpp_lt_trough_01.prefab using Guid(7f3b1263233678a4a92861d908051fe3) Importer(815301076,1909f56bfc062723c751e8b465ee728b)  -> (artifact id: '5e57bf9cdfcd74d80004f297f0bf3492') in 0.028268 seconds 
  Import took 0.034146 seconds .

========================================================================
Received Import Request.
  Time since last request: 0.000658 seconds.
  path: Assets/RPGPP_LT/Prefabs/Props/Containers/rpgpp_lt_box_wood_01.prefab
  artifactKey: Guid(144403e0e442d2a448335e0c845d665b) Importer(815301076,1909f56bfc062723c751e8b465ee728b)
Start importing Assets/RPGPP_LT/Prefabs/Props/Containers/rpgpp_lt_box_wood_01.prefab using Guid(144403e0e442d2a448335e0c845d665b) Importer(815301076,1909f56bfc062723c751e8b465ee728b)  -> (artifact id: 'd41d9d4d8a7fc4843b759d1979251cd8') in 0.022231 seconds 
  Import took 0.027321 seconds .

========================================================================
Received Import Request.
  Time since last request: 0.000228 seconds.
  path: Assets/RPGPP_LT/Prefabs/Props/Containers/rpgpp_lt_bucket_01.prefab
  artifactKey: Guid(05723fa5edef5fa4ab72eb90ae0bf7b0) Importer(815301076,1909f56bfc062723c751e8b465ee728b)
Start importing Assets/RPGPP_LT/Prefabs/Props/Containers/rpgpp_lt_bucket_01.prefab using Guid(05723fa5edef5fa4ab72eb90ae0bf7b0) Importer(815301076,1909f56bfc062723c751e8b465ee728b)  -> (artifact id: '7396ac3af1b78aad62e71e3d2b2fa371') in 0.022526 seconds 
  Import took 0.027983 seconds .

========================================================================
Received Import Request.
  Time since last request: 0.000538 seconds.
  path: Assets/RPGPP_LT/Prefabs/Props/Containers/rpgpp_lt_jug_01.prefab
  artifactKey: Guid(957bb31991bce1640a18d0a109c71f3d) Importer(815301076,1909f56bfc062723c751e8b465ee728b)
Start importing Assets/RPGPP_LT/Prefabs/Props/Containers/rpgpp_lt_jug_01.prefab using Guid(957bb31991bce1640a18d0a109c71f3d) Importer(815301076,1909f56bfc062723c751e8b465ee728b)  -> (artifact id: 'eeb38b3c9ecf6ec5acb8360e61bae71c') in 0.023119 seconds 
  Import took 0.027719 seconds .

========================================================================
Received Import Request.
  Time since last request: 0.000228 seconds.
  path: Assets/RPGPP_LT/Prefabs/Props/Containers/rpgpp_lt_bathtub_wood_01.prefab
  artifactKey: Guid(d354bbf6d0a7bc543b86d5b1337c7933) Importer(815301076,1909f56bfc062723c751e8b465ee728b)
Start importing Assets/RPGPP_LT/Prefabs/Props/Containers/rpgpp_lt_bathtub_wood_01.prefab using Guid(d354bbf6d0a7bc543b86d5b1337c7933) Importer(815301076,1909f56bfc062723c751e8b465ee728b)  -> (artifact id: '637d2e23a82955aa3bb319e6adcc2cfd') in 0.022101 seconds 
  Import took 0.026196 seconds .

========================================================================
Received Import Request.
  Time since last request: 0.000389 seconds.
  path: Assets/RPGPP_LT/Prefabs/Props/Containers/rpgpp_lt_sack_open_01.prefab
  artifactKey: Guid(5fb4dbc1b7c07b9418845eb61970d9df) Importer(815301076,1909f56bfc062723c751e8b465ee728b)
Start importing Assets/RPGPP_LT/Prefabs/Props/Containers/rpgpp_lt_sack_open_01.prefab using Guid(5fb4dbc1b7c07b9418845eb61970d9df) Importer(815301076,1909f56bfc062723c751e8b465ee728b)  -> (artifact id: 'a66f3bae635f28ded82c4fe6c5b6954c') in 0.025541 seconds 
  Import took 0.031969 seconds .

========================================================================
Received Import Request.
  Time since last request: 0.000249 seconds.
  path: Assets/RPGPP_LT/Prefabs/Props/Containers/rpgpp_lt_vase_02.prefab
  artifactKey: Guid(645e0ccb96eef934aa12bd4c02a4bd66) Importer(815301076,1909f56bfc062723c751e8b465ee728b)
Start importing Assets/RPGPP_LT/Prefabs/Props/Containers/rpgpp_lt_vase_02.prefab using Guid(645e0ccb96eef934aa12bd4c02a4bd66) Importer(815301076,1909f56bfc062723c751e8b465ee728b)  -> (artifact id: '8404584995882d57df4a16685ace06ff') in 0.021444 seconds 
  Import took 0.026627 seconds .

========================================================================
Received Import Request.
  Time since last request: 0.000248 seconds.
  path: Assets/RPGPP_LT/Prefabs/Props/Containers/rpgpp_lt_vase_01.prefab
  artifactKey: Guid(1645880bdf365054a8c29b271c30eb36) Importer(815301076,1909f56bfc062723c751e8b465ee728b)
Start importing Assets/RPGPP_LT/Prefabs/Props/Containers/rpgpp_lt_vase_01.prefab using Guid(1645880bdf365054a8c29b271c30eb36) Importer(815301076,1909f56bfc062723c751e8b465ee728b)  -> (artifact id: '479859cb24c98c8cabb3558228a30c45') in 0.023223 seconds 
  Import took 0.029195 seconds .

========================================================================
Received Import Request.
  Time since last request: 0.000239 seconds.
  path: Assets/RPGPP_LT/Prefabs/Props/Containers/rpgpp_lt_package_01.prefab
  artifactKey: Guid(388d2ede35ec91345943f17a010818fc) Importer(815301076,1909f56bfc062723c751e8b465ee728b)
Start importing Assets/RPGPP_LT/Prefabs/Props/Containers/rpgpp_lt_package_01.prefab using Guid(388d2ede35ec91345943f17a010818fc) Importer(815301076,1909f56bfc062723c751e8b465ee728b)  -> (artifact id: 'cd8e8f665afe1492db322df9bb69bbbf') in 0.032425 seconds 
  Import took 0.037046 seconds .

========================================================================
Received Import Request.
  Time since last request: 2.175215 seconds.
  path: Assets/RPGPP_LT/Prefabs/Props/Items
  artifactKey: Guid(c941b50b6f168394f97708742eb6805a) Importer(815301076,1909f56bfc062723c751e8b465ee728b)
Start importing Assets/RPGPP_LT/Prefabs/Props/Items using Guid(c941b50b6f168394f97708742eb6805a) Importer(815301076,1909f56bfc062723c751e8b465ee728b)  -> (artifact id: '8bffcb9b0c9f27e2090b80746d2652cd') in 0.009621 seconds 
  Import took 0.014047 seconds .

========================================================================
Received Import Request.
  Time since last request: 0.039481 seconds.
  path: Assets/RPGPP_LT/Prefabs/Props/Items/rpgpp_lt_broom_01.prefab
  artifactKey: Guid(a463cb358b3f799499b5078f511ef61e) Importer(815301076,1909f56bfc062723c751e8b465ee728b)
Start importing Assets/RPGPP_LT/Prefabs/Props/Items/rpgpp_lt_broom_01.prefab using Guid(a463cb358b3f799499b5078f511ef61e) Importer(815301076,1909f56bfc062723c751e8b465ee728b)  -> (artifact id: 'df9c8e4f2d26a33fef01ee218829fdfb') in 0.018102 seconds 
  Import took 0.022940 seconds .

========================================================================
Received Import Request.
  Time since last request: 0.000328 seconds.
  path: Assets/RPGPP_LT/Prefabs/Props/Items/rpgpp_lt_rake_01.prefab
  artifactKey: Guid(b44415eef131de742a4190453fc4d68e) Importer(815301076,1909f56bfc062723c751e8b465ee728b)
Start importing Assets/RPGPP_LT/Prefabs/Props/Items/rpgpp_lt_rake_01.prefab using Guid(b44415eef131de742a4190453fc4d68e) Importer(815301076,1909f56bfc062723c751e8b465ee728b)  -> (artifact id: 'd7fd0fe38bde13be3b21880fc45eae55') in 0.021462 seconds 
  Import took 0.026609 seconds .

========================================================================
Received Import Request.
  Time since last request: 0.000302 seconds.
  path: Assets/RPGPP_LT/Prefabs/Props/Items/rpgpp_lt_ladder_01.prefab
  artifactKey: Guid(7087784e228be8745af45599a5130532) Importer(815301076,1909f56bfc062723c751e8b465ee728b)
Start importing Assets/RPGPP_LT/Prefabs/Props/Items/rpgpp_lt_ladder_01.prefab using Guid(7087784e228be8745af45599a5130532) Importer(815301076,1909f56bfc062723c751e8b465ee728b)  -> (artifact id: 'de94c83e0cd119ec8fc996cd4b2101e9') in 0.024812 seconds 
  Import took 0.028928 seconds .

========================================================================
Received Import Request.
  Time since last request: 1.188899 seconds.
  path: Assets/RPGPP_LT/Prefabs/Props/Misc
  artifactKey: Guid(458e1ba84a6e1a94b8793cd2c8103f30) Importer(815301076,1909f56bfc062723c751e8b465ee728b)
Start importing Assets/RPGPP_LT/Prefabs/Props/Misc using Guid(458e1ba84a6e1a94b8793cd2c8103f30) Importer(815301076,1909f56bfc062723c751e8b465ee728b)  -> (artifact id: 'ea5f9c185e25a5a1213b723c27625a6a') in 0.009693 seconds 
  Import took 0.013960 seconds .

========================================================================
Received Import Request.
  Time since last request: 0.032553 seconds.
  path: Assets/RPGPP_LT/Prefabs/Props/Misc/rpgpp_lt_bird_house_01.prefab
  artifactKey: Guid(7689b2d5def66f04eb3b0905d7b65084) Importer(815301076,1909f56bfc062723c751e8b465ee728b)
Start importing Assets/RPGPP_LT/Prefabs/Props/Misc/rpgpp_lt_bird_house_01.prefab using Guid(7689b2d5def66f04eb3b0905d7b65084) Importer(815301076,1909f56bfc062723c751e8b465ee728b)  -> (artifact id: '5ae3b8e15ab83b7948e1d5da59672945') in 0.018727 seconds 
  Import took 0.023665 seconds .

========================================================================
Received Import Request.
  Time since last request: 0.000326 seconds.
  path: Assets/RPGPP_LT/Prefabs/Props/Misc/rpgpp_lt_wagon_01.prefab
  artifactKey: Guid(87d1d734739f10440b2bdbb449c09a9e) Importer(815301076,1909f56bfc062723c751e8b465ee728b)
Start importing Assets/RPGPP_LT/Prefabs/Props/Misc/rpgpp_lt_wagon_01.prefab using Guid(87d1d734739f10440b2bdbb449c09a9e) Importer(815301076,1909f56bfc062723c751e8b465ee728b)  -> (artifact id: 'f382bc08104f5a4a2f1d30f2f7e87b13') in 0.021874 seconds 
  Import took 0.026981 seconds .

========================================================================
Received Import Request.
  Time since last request: 0.000301 seconds.
  path: Assets/RPGPP_LT/Prefabs/Props/Misc/rpgpp_lt_well_01.prefab
  artifactKey: Guid(4500da6a464da55408dd1ff2324163a7) Importer(815301076,1909f56bfc062723c751e8b465ee728b)
Start importing Assets/RPGPP_LT/Prefabs/Props/Misc/rpgpp_lt_well_01.prefab using Guid(4500da6a464da55408dd1ff2324163a7) Importer(815301076,1909f56bfc062723c751e8b465ee728b)  -> (artifact id: '58f6afb1bf8eeab53ce3b917caed6a5d') in 0.020959 seconds 
  Import took 0.025754 seconds .

========================================================================
Received Import Request.
  Time since last request: 1.518122 seconds.
  path: Assets/RPGPP_LT/Prefabs/Props/Wall_decor
  artifactKey: Guid(ca9f035d49c5db74a8feb6a3d797049f) Importer(815301076,1909f56bfc062723c751e8b465ee728b)
Start importing Assets/RPGPP_LT/Prefabs/Props/Wall_decor using Guid(ca9f035d49c5db74a8feb6a3d797049f) Importer(815301076,1909f56bfc062723c751e8b465ee728b)  -> (artifact id: '77b382d4440938583e11ea51c53118d9') in 0.009664 seconds 
  Import took 0.014569 seconds .

========================================================================
Received Import Request.
  Time since last request: 2.605302 seconds.
  path: Assets/RPGPP_LT/Prefabs/Props/Wall_decor/Banners
  artifactKey: Guid(21f0d61f8c43c8b4ba74f5a2b4165c47) Importer(815301076,1909f56bfc062723c751e8b465ee728b)
Start importing Assets/RPGPP_LT/Prefabs/Props/Wall_decor/Banners using Guid(21f0d61f8c43c8b4ba74f5a2b4165c47) Importer(815301076,1909f56bfc062723c751e8b465ee728b)  -> (artifact id: '718bc512485317b668a06bc98563af79') in 0.010349 seconds 
  Import took 0.015189 seconds .

========================================================================
Received Import Request.
  Time since last request: 0.025890 seconds.
  path: Assets/RPGPP_LT/Prefabs/Props/Wall_decor/Banners/rpgpp_lt_banner_01a.prefab
  artifactKey: Guid(e1032c9b5d7d362489670d42997dceb5) Importer(815301076,1909f56bfc062723c751e8b465ee728b)
Start importing Assets/RPGPP_LT/Prefabs/Props/Wall_decor/Banners/rpgpp_lt_banner_01a.prefab using Guid(e1032c9b5d7d362489670d42997dceb5) Importer(815301076,1909f56bfc062723c751e8b465ee728b)  -> (artifact id: '6033a890b9dfa2fea7cedac3027a88b3') in 0.017725 seconds 
  Import took 0.022936 seconds .

========================================================================
Received Import Request.
  Time since last request: 0.000353 seconds.
  path: Assets/RPGPP_LT/Prefabs/Props/Wall_decor/Banners/rpgpp_lt_banner_01b.prefab
  artifactKey: Guid(002f7a569314a244fb643e8ea8d00376) Importer(815301076,1909f56bfc062723c751e8b465ee728b)
Start importing Assets/RPGPP_LT/Prefabs/Props/Wall_decor/Banners/rpgpp_lt_banner_01b.prefab using Guid(002f7a569314a244fb643e8ea8d00376) Importer(815301076,1909f56bfc062723c751e8b465ee728b)  -> (artifact id: '670cc36ee96ba2debf5b17ea867dc0da') in 0.025607 seconds 
  Import took 0.029771 seconds .

========================================================================
Received Import Request.
  Time since last request: 1.359361 seconds.
  path: Assets/RPGPP_LT/Prefabs/Props/Wall_decor/Shields
  artifactKey: Guid(da9c312667c8c3e4b96d68633b05f959) Importer(815301076,1909f56bfc062723c751e8b465ee728b)
Start importing Assets/RPGPP_LT/Prefabs/Props/Wall_decor/Shields using Guid(da9c312667c8c3e4b96d68633b05f959) Importer(815301076,1909f56bfc062723c751e8b465ee728b)  -> (artifact id: '133afa27a33b8e9c986ba8cc400e7ead') in 0.009582 seconds 
  Import took 0.014333 seconds .

========================================================================
Received Import Request.
  Time since last request: 0.023670 seconds.
  path: Assets/RPGPP_LT/Prefabs/Props/Wall_decor/Shields/rpgpp_lt_shield_wall_01a.prefab
  artifactKey: Guid(37435aefe5da6f74f8b28c81bb4ffad4) Importer(815301076,1909f56bfc062723c751e8b465ee728b)
Start importing Assets/RPGPP_LT/Prefabs/Props/Wall_decor/Shields/rpgpp_lt_shield_wall_01a.prefab using Guid(37435aefe5da6f74f8b28c81bb4ffad4) Importer(815301076,1909f56bfc062723c751e8b465ee728b)  -> (artifact id: 'eba5cfad2f8166e058f0edecb3ef2c13') in 0.018706 seconds 
  Import took 0.023986 seconds .

========================================================================
Received Import Request.
  Time since last request: 0.000332 seconds.
  path: Assets/RPGPP_LT/Prefabs/Props/Wall_decor/Shields/rpgpp_lt_shield_wall_01b.prefab
  artifactKey: Guid(0aae23549399ae240aa3fcaf1b7ae6b0) Importer(815301076,1909f56bfc062723c751e8b465ee728b)
Start importing Assets/RPGPP_LT/Prefabs/Props/Wall_decor/Shields/rpgpp_lt_shield_wall_01b.prefab using Guid(0aae23549399ae240aa3fcaf1b7ae6b0) Importer(815301076,1909f56bfc062723c751e8b465ee728b)  -> (artifact id: 'ee7b95c1e3915315c3184dc58596f9f7') in 0.026146 seconds 
  Import took 0.029846 seconds .

========================================================================
Received Import Request.
  Time since last request: 1.808506 seconds.
  path: Assets/RPGPP_LT/Prefabs/Props/Wood
  artifactKey: Guid(02e35356e96446740bb0b519e7fd9289) Importer(815301076,1909f56bfc062723c751e8b465ee728b)
Start importing Assets/RPGPP_LT/Prefabs/Props/Wood using Guid(02e35356e96446740bb0b519e7fd9289) Importer(815301076,1909f56bfc062723c751e8b465ee728b)  -> (artifact id: 'f02d69ac5ba9a79650527452e187341c') in 0.010142 seconds 
  Import took 0.014609 seconds .

========================================================================
Received Import Request.
  Time since last request: 0.055170 seconds.
  path: Assets/RPGPP_LT/Prefabs/Props/Wood/rpgpp_lt_log_wood_01.prefab
  artifactKey: Guid(bbb972e8372282f4093c9484693385fd) Importer(815301076,1909f56bfc062723c751e8b465ee728b)
Start importing Assets/RPGPP_LT/Prefabs/Props/Wood/rpgpp_lt_log_wood_01.prefab using Guid(bbb972e8372282f4093c9484693385fd) Importer(815301076,1909f56bfc062723c751e8b465ee728b)  -> (artifact id: '1113a5de6eb3c9b8ecbe8ba2b0c2730c') in 0.016984 seconds 
  Import took 0.022446 seconds .

========================================================================
Received Import Request.
  Time since last request: 3.094071 seconds.
  path: Assets/RPGPP_LT/Prefabs/Structures
  artifactKey: Guid(89fac321af2bad14eb25a5915717f85a) Importer(815301076,1909f56bfc062723c751e8b465ee728b)
Start importing Assets/RPGPP_LT/Prefabs/Structures using Guid(89fac321af2bad14eb25a5915717f85a) Importer(815301076,1909f56bfc062723c751e8b465ee728b)  -> (artifact id: '828635cc2f755d053c3884190e671ca4') in 0.010043 seconds 
  Import took 0.014278 seconds .

========================================================================
Received Import Request.
  Time since last request: 0.921694 seconds.
  path: Assets/RPGPP_LT/Prefabs/Structures/Parts
  artifactKey: Guid(5b7738eafaaea9f4ca3069d3dfbee10a) Importer(815301076,1909f56bfc062723c751e8b465ee728b)
Start importing Assets/RPGPP_LT/Prefabs/Structures/Parts using Guid(5b7738eafaaea9f4ca3069d3dfbee10a) Importer(815301076,1909f56bfc062723c751e8b465ee728b)  -> (artifact id: 'dbbf754a4fce7528f9b663d0bcda07be') in 0.009570 seconds 
  Import took 0.014027 seconds .

========================================================================
Received Import Request.
  Time since last request: 0.813613 seconds.
  path: Assets/RPGPP_LT/Prefabs/Structures/Parts/Wood_path
  artifactKey: Guid(922a8b08dfab11944b459f549979fcaa) Importer(815301076,1909f56bfc062723c751e8b465ee728b)
Start importing Assets/RPGPP_LT/Prefabs/Structures/Parts/Wood_path using Guid(922a8b08dfab11944b459f549979fcaa) Importer(815301076,1909f56bfc062723c751e8b465ee728b)  -> (artifact id: 'a6ca5989b4afa7a1fc2853293066bddd') in 0.009606 seconds 
  Import took 0.014084 seconds .

========================================================================
Received Import Request.
  Time since last request: 0.037632 seconds.
  path: Assets/RPGPP_LT/Prefabs/Structures/Parts/Wood_path/rpgpp_lt_wood_path_01a.prefab
  artifactKey: Guid(c96016c34e7be62488e588470988ef5b) Importer(815301076,1909f56bfc062723c751e8b465ee728b)
Start importing Assets/RPGPP_LT/Prefabs/Structures/Parts/Wood_path/rpgpp_lt_wood_path_01a.prefab using Guid(c96016c34e7be62488e588470988ef5b) Importer(815301076,1909f56bfc062723c751e8b465ee728b)  -> (artifact id: 'a045e8e89fb63402b6b154d52b58080c') in 0.017435 seconds 
  Import took 0.022460 seconds .

========================================================================
Received Import Request.
  Time since last request: 0.000316 seconds.
  path: Assets/RPGPP_LT/Prefabs/Structures/Parts/Wood_path/rpgpp_lt_wood_path_01b.prefab
  artifactKey: Guid(0ba258545da721e488ecb71ffd143b6f) Importer(815301076,1909f56bfc062723c751e8b465ee728b)
Start importing Assets/RPGPP_LT/Prefabs/Structures/Parts/Wood_path/rpgpp_lt_wood_path_01b.prefab using Guid(0ba258545da721e488ecb71ffd143b6f) Importer(815301076,1909f56bfc062723c751e8b465ee728b)  -> (artifact id: '6385d4e36a4f8f4211a7ffc76913c162') in 0.020022 seconds 
  Import took 0.024804 seconds .

========================================================================
Received Import Request.
  Time since last request: 2.318479 seconds.
  path: Assets/RPGPP_LT/Prefabs/Structures/Buildings
  artifactKey: Guid(40dd8cc9b6443a34fb7dd3c39d08074e) Importer(815301076,1909f56bfc062723c751e8b465ee728b)
Start importing Assets/RPGPP_LT/Prefabs/Structures/Buildings using Guid(40dd8cc9b6443a34fb7dd3c39d08074e) Importer(815301076,1909f56bfc062723c751e8b465ee728b)  -> (artifact id: '5dd2642f5d81148ebc4269b00fed9889') in 0.010443 seconds 
  Import took 0.014787 seconds .

========================================================================
Received Import Request.
  Time since last request: 0.540821 seconds.
  path: Assets/RPGPP_LT/Prefabs/Structures/Buildings/Bld_closed
  artifactKey: Guid(361af5be93a94d047835c7a3fc2e0f08) Importer(815301076,1909f56bfc062723c751e8b465ee728b)
Start importing Assets/RPGPP_LT/Prefabs/Structures/Buildings/Bld_closed using Guid(361af5be93a94d047835c7a3fc2e0f08) Importer(815301076,1909f56bfc062723c751e8b465ee728b)  -> (artifact id: '304429ca724ab6507a08c37314a042a6') in 0.009797 seconds 
  Import took 0.014046 seconds .

========================================================================
Received Import Request.
  Time since last request: 0.051176 seconds.
  path: Assets/RPGPP_LT/Prefabs/Structures/Buildings/Bld_closed/rpgpp_lt_building_01.prefab
  artifactKey: Guid(cd87e5026d1695148aabe96121c526ef) Importer(815301076,1909f56bfc062723c751e8b465ee728b)
Start importing Assets/RPGPP_LT/Prefabs/Structures/Buildings/Bld_closed/rpgpp_lt_building_01.prefab using Guid(cd87e5026d1695148aabe96121c526ef) Importer(815301076,1909f56bfc062723c751e8b465ee728b)  -> (artifact id: '5186c5d17be294171dc2e66af1a2e67a') in 0.020082 seconds 
  Import took 0.025144 seconds .

========================================================================
Received Import Request.
  Time since last request: 0.000365 seconds.
  path: Assets/RPGPP_LT/Prefabs/Structures/Buildings/Bld_closed/rpgpp_lt_building_02.prefab
  artifactKey: Guid(2767c12992d890f44b14f433fe854668) Importer(815301076,1909f56bfc062723c751e8b465ee728b)
Start importing Assets/RPGPP_LT/Prefabs/Structures/Buildings/Bld_closed/rpgpp_lt_building_02.prefab using Guid(2767c12992d890f44b14f433fe854668) Importer(815301076,1909f56bfc062723c751e8b465ee728b)  -> (artifact id: 'b6d7e68b22ac0fe215955098bc69441e') in 0.022099 seconds 
  Import took 0.026942 seconds .

========================================================================
Received Import Request.
  Time since last request: 0.000310 seconds.
  path: Assets/RPGPP_LT/Prefabs/Structures/Buildings/Bld_closed/rpgpp_lt_building_03.prefab
  artifactKey: Guid(2b519101e10d4a74580d4c86ac9e03e6) Importer(815301076,1909f56bfc062723c751e8b465ee728b)
Start importing Assets/RPGPP_LT/Prefabs/Structures/Buildings/Bld_closed/rpgpp_lt_building_03.prefab using Guid(2b519101e10d4a74580d4c86ac9e03e6) Importer(815301076,1909f56bfc062723c751e8b465ee728b)  -> (artifact id: '5f98bbe270b48503e942a5db33c8e732') in 0.022247 seconds 
  Import took 0.026732 seconds .

========================================================================
Received Import Request.
  Time since last request: 0.000299 seconds.
  path: Assets/RPGPP_LT/Prefabs/Structures/Buildings/Bld_closed/rpgpp_lt_building_04.prefab
  artifactKey: Guid(71442e8cd72511e4fabb72f1a2cc82dd) Importer(815301076,1909f56bfc062723c751e8b465ee728b)
Start importing Assets/RPGPP_LT/Prefabs/Structures/Buildings/Bld_closed/rpgpp_lt_building_04.prefab using Guid(71442e8cd72511e4fabb72f1a2cc82dd) Importer(815301076,1909f56bfc062723c751e8b465ee728b)  -> (artifact id: '74f146d0e0a125e3aee117a528ba656c') in 0.025091 seconds 
  Import took 0.028878 seconds .

========================================================================
Received Import Request.
  Time since last request: 0.000314 seconds.
  path: Assets/RPGPP_LT/Prefabs/Structures/Buildings/Bld_closed/rpgpp_lt_building_05.prefab
  artifactKey: Guid(386f40ad68cdd3c4fbcb471ef2d93772) Importer(815301076,1909f56bfc062723c751e8b465ee728b)
Start importing Assets/RPGPP_LT/Prefabs/Structures/Buildings/Bld_closed/rpgpp_lt_building_05.prefab using Guid(386f40ad68cdd3c4fbcb471ef2d93772) Importer(815301076,1909f56bfc062723c751e8b465ee728b)  -> (artifact id: 'e85182f3ebebe1492ca1f0ebc1ca391b') in 0.022024 seconds 
  Import took 0.026523 seconds .

========================================================================
Received Prepare
Registering precompiled user dll's ...
Registered in 0.011568 seconds.
Begin MonoManager ReloadAssembly
Native extension for LinuxStandalone target not found
Native extension for WindowsStandalone target not found
Native extension for WebGL target not found
Refreshing native plugins compatible for Editor in 1.20 ms, found 5 plugins.
Preloading 2 native plugins for Editor in 0.26 ms.
System.NullReferenceException: Object reference not set to an instance of an object
  at Vuforia.EditorClasses.ExtensionTypeProvider.GetVuforiaPackageAbsPath () [0x0004a] in <67f168408fbf4fce9c04342c093e9fe7>:0 
  at Vuforia.EditorClasses.ExtensionTypeProvider.IsPackageManager () [0x00000] in <67f168408fbf4fce9c04342c093e9fe7>:0 
  at Vuforia.EditorClasses.ExtensionTypeProvider.ResolvePluginType () [0x00009] in <67f168408fbf4fce9c04342c093e9fe7>:0 
  at Vuforia.EditorClasses.ExtensionTypeProvider.GetPluginType () [0x0000c] in <67f168408fbf4fce9c04342c093e9fe7>:0 
  at Vuforia.EditorClasses.VuforiaUtilities.IsVuforiaEnabledInPlayerSettings () [0x00000] in <67f168408fbf4fce9c04342c093e9fe7>:0 
  at VuforiaEnabledObserver..cctor () [0x00000] in <67f168408fbf4fce9c04342c093e9fe7>:0 
UnityEngine.StackTraceUtility:ExtractStackTrace ()
UnityEngine.DebugLogHandler:LogFormat (UnityEngine.LogType,UnityEngine.Object,string,object[])
UnityEngine.Logger:Log (UnityEngine.LogType,object)
UnityEngine.Debug:LogError (object)
UnityEditor.EditorAssemblies:ProcessInitializeOnLoadAttributes (System.Type[])

System.NullReferenceException: Object reference not set to an instance of an object
  at Vuforia.EditorClasses.ExtensionTypeProvider.GetVuforiaPackageAbsPath () [0x0004a] in <67f168408fbf4fce9c04342c093e9fe7>:0 
  at Vuforia.EditorClasses.ExtensionTypeProvider.IsPackageManager () [0x00000] in <67f168408fbf4fce9c04342c093e9fe7>:0 
  at Vuforia.EditorClasses.ExtensionTypeProvider.ResolvePluginType () [0x00009] in <67f168408fbf4fce9c04342c093e9fe7>:0 
  at Vuforia.EditorClasses.ExtensionTypeProvider.GetPluginType () [0x0000c] in <67f168408fbf4fce9c04342c093e9fe7>:0 
  at Vuforia.EditorClasses.VuforiaUtilities.IsVuforiaEnabledInPlayerSettings () [0x00000] in <67f168408fbf4fce9c04342c093e9fe7>:0 
  at Vuforia.EditorClasses.InitializeOnLoadVuforiaTaskRunner..cctor () [0x00015] in <67f168408fbf4fce9c04342c093e9fe7>:0 
UnityEngine.StackTraceUtility:ExtractStackTrace ()
UnityEngine.DebugLogHandler:LogFormat (UnityEngine.LogType,UnityEngine.Object,string,object[])
UnityEngine.Logger:Log (UnityEngine.LogType,object)
UnityEngine.Debug:LogError (object)
UnityEditor.EditorAssemblies:ProcessInitializeOnLoadAttributes (System.Type[])

Mono: successfully reloaded assembly
- Completed reload, in  1.324 seconds
Domain Reload Profiling:
	ReloadAssembly (1325ms)
		BeginReloadAssembly (135ms)
			ExecutionOrderSort (0ms)
			DisableScriptedObjects (4ms)
			BackupInstance (0ms)
			ReleaseScriptingObjects (0ms)
			CreateAndSetChildDomain (45ms)
		EndReloadAssembly (1129ms)
			LoadAssemblies (98ms)
			RebuildTransferFunctionScriptingTraits (0ms)
			SetupTypeCache (313ms)
			ReleaseScriptCaches (1ms)
			RebuildScriptCaches (90ms)
			SetupLoadedEditorAssemblies (423ms)
				LogAssemblyErrors (0ms)
				InitializePlatformSupportModulesInManaged (16ms)
				SetLoadedEditorAssemblies (1ms)
				RefreshPlugins (2ms)
				BeforeProcessingInitializeOnLoad (124ms)
				ProcessInitializeOnLoadAttributes (267ms)
				ProcessInitializeOnLoadMethodAttributes (8ms)
				AfterProcessingInitializeOnLoad (5ms)
				EditorAssembliesLoaded (0ms)
			ExecutionOrderSort2 (0ms)
			AwakeInstancesAfterBackupRestoration (6ms)
Platform modules already initialized, skipping
Switching build target platform(19) subTarget(0) extendedPlatform(0) -> platform(13) subTarget(537395200) extendedPlatform(0)
Refreshing native plugins compatible for Editor in 1.46 ms, found 5 plugins.
Preloading 2 native plugins for Editor in 0.36 ms.
Unloading 1613 Unused Serialized files (Serialized files now loaded: 0)
System memory in use before: 78.2 MB.
System memory in use after: 78.3 MB.

Unloading 43 unused Assets to reduce memory usage. Loaded Objects now: 2355.
Total: 8.152700 ms (FindLiveObjects: 0.341900 ms CreateObjectMapping: 0.140700 ms MarkObjects: 7.585100 ms  DeleteObjects: 0.082300 ms)

AssetImportParameters requested are different than current active one (requested -> active):
  custom:framework-win-MediaFoundation: 216162199b28c13a410421893ffa2e32 -> 
  custom:video-decoder-ogg-theora: a1e56fd34408186e4bbccfd4996cb3dc -> 
  custom:container-muxer-webm: aa71ff27fc2769a1b78a27578f13a17b -> 
  custom:container-demuxer-webm: 4f35f7cbe854078d1ac9338744f61a02 -> 
  custom:container-demuxer-ogg: 62fdf1f143b41e24485cea50d1cbac27 -> 
  custom:video-encoder-webm-vp8: eb34c28f22e8b96e1ab97ce403110664 -> 
  custom:video-decoder-webm-vp8: 9c59270c3fd7afecdb556c50c9e8de78 -> 
  custom:graphics/normal-map-encoding: 01000000000000000000000000000000 -> 02000000000000000000000000000000
  custom:audio-decoder-ogg-vorbis: bf7c407c2cedff20999df2af8eb42d56 -> 
  custom:audio-encoder-webm-vorbis: bf7c407c2cedff20999df2af8eb42d56 -> 
========================================================================
Received Import Request.
  Time since last request: 240.334791 seconds.
  path: Assets/AurynSky/Gems Ultimate Pack/Prefabs/4 Side Diamond.prefab
  artifactKey: Guid(0ed203d298c050b49bfabe788790e1c2) Importer(815301076,1909f56bfc062723c751e8b465ee728b)
Start importing Assets/AurynSky/Gems Ultimate Pack/Prefabs/4 Side Diamond.prefab using Guid(0ed203d298c050b49bfabe788790e1c2) Importer(815301076,1909f56bfc062723c751e8b465ee728b)  -> (artifact id: '940761f96d2634dd37b3efead023ffa0') in 0.306164 seconds 
  Import took 0.311296 seconds .

========================================================================
Received Import Request.
  Time since last request: 0.000307 seconds.
  path: Assets/AurynSky/Gems Ultimate Pack/Prefabs/Cuboid.prefab
  artifactKey: Guid(6a7274aefcc6cef4fbbfba924cc7f657) Importer(815301076,1909f56bfc062723c751e8b465ee728b)
Start importing Assets/AurynSky/Gems Ultimate Pack/Prefabs/Cuboid.prefab using Guid(6a7274aefcc6cef4fbbfba924cc7f657) Importer(815301076,1909f56bfc062723c751e8b465ee728b)  -> (artifact id: '32eecca2ae3f810f61cef5ee1bc7506c') in 0.041852 seconds 
  Import took 0.047095 seconds .

========================================================================
Received Import Request.
  Time since last request: 0.000616 seconds.
  path: Assets/AurynSky/Gems Ultimate Pack/Prefabs/Diamondo.prefab
  artifactKey: Guid(5c02591794acece409986647ed6329a7) Importer(815301076,1909f56bfc062723c751e8b465ee728b)
Start importing Assets/AurynSky/Gems Ultimate Pack/Prefabs/Diamondo.prefab using Guid(5c02591794acece409986647ed6329a7) Importer(815301076,1909f56bfc062723c751e8b465ee728b)  -> (artifact id: 'cc79b4c072703d299eb3756eee03018f') in 0.040897 seconds 
  Import took 0.045784 seconds .

========================================================================
Received Import Request.
  Time since last request: 0.000282 seconds.
  path: Assets/AurynSky/Gems Ultimate Pack/Prefabs/Hexgon.prefab
  artifactKey: Guid(676e107eeafc5524b97910d76516565d) Importer(815301076,1909f56bfc062723c751e8b465ee728b)
Start importing Assets/AurynSky/Gems Ultimate Pack/Prefabs/Hexgon.prefab using Guid(676e107eeafc5524b97910d76516565d) Importer(815301076,1909f56bfc062723c751e8b465ee728b)  -> (artifact id: 'f1105523cb110967914139fd269e0894') in 0.039938 seconds 
  Import took 0.045148 seconds .

========================================================================
Received Import Request.
  Time since last request: 0.000278 seconds.
  path: Assets/AurynSky/Gems Ultimate Pack/Prefabs/SphereGemLarge.prefab
  artifactKey: Guid(8b40cffea67202d4bbf662b25de4c94a) Importer(815301076,1909f56bfc062723c751e8b465ee728b)
Start importing Assets/AurynSky/Gems Ultimate Pack/Prefabs/SphereGemLarge.prefab using Guid(8b40cffea67202d4bbf662b25de4c94a) Importer(815301076,1909f56bfc062723c751e8b465ee728b)  -> (artifact id: '7477d525d0335a67a6003aa2083ba017') in 0.041018 seconds 
  Import took 0.046104 seconds .

========================================================================
Received Import Request.
  Time since last request: 0.000262 seconds.
  path: Assets/AurynSky/Gems Ultimate Pack/Prefabs/BeveledStar.prefab
  artifactKey: Guid(f5c872ee906a85b46aa65e0ab683ed9f) Importer(815301076,1909f56bfc062723c751e8b465ee728b)
Start importing Assets/AurynSky/Gems Ultimate Pack/Prefabs/BeveledStar.prefab using Guid(f5c872ee906a85b46aa65e0ab683ed9f) Importer(815301076,1909f56bfc062723c751e8b465ee728b)  -> (artifact id: 'b0738f1dcc890b3d150c0731a2068bd5') in 0.042775 seconds 
  Import took 0.046785 seconds .

========================================================================
Received Import Request.
  Time since last request: 0.000301 seconds.
  path: Assets/AurynSky/Gems Ultimate Pack/Prefabs/Cubie.prefab
  artifactKey: Guid(38dea0631a962ad45b71e2759e4240d8) Importer(815301076,1909f56bfc062723c751e8b465ee728b)
Start importing Assets/AurynSky/Gems Ultimate Pack/Prefabs/Cubie.prefab using Guid(38dea0631a962ad45b71e2759e4240d8) Importer(815301076,1909f56bfc062723c751e8b465ee728b)  -> (artifact id: '3d28d673c26abf4186e1ee29dc8fdc38') in 0.041143 seconds 
  Import took 0.045104 seconds .

========================================================================
Received Import Request.
  Time since last request: 0.000324 seconds.
  path: Assets/AurynSky/Gems Ultimate Pack/Prefabs/SphereGemSmall.prefab
  artifactKey: Guid(af16961524284e54491133548920258b) Importer(815301076,1909f56bfc062723c751e8b465ee728b)
Start importing Assets/AurynSky/Gems Ultimate Pack/Prefabs/SphereGemSmall.prefab using Guid(af16961524284e54491133548920258b) Importer(815301076,1909f56bfc062723c751e8b465ee728b)  -> (artifact id: 'edcba717e537e6ba10f0f4df9aea6eee') in 0.038608 seconds 
  Import took 0.043526 seconds .

========================================================================
Received Import Request.
  Time since last request: 0.000298 seconds.
  path: Assets/AurynSky/Gems Ultimate Pack/Prefabs/Heart.prefab
  artifactKey: Guid(5a0537415d4017c4fad7a4986f502dc1) Importer(815301076,1909f56bfc062723c751e8b465ee728b)
Start importing Assets/AurynSky/Gems Ultimate Pack/Prefabs/Heart.prefab using Guid(5a0537415d4017c4fad7a4986f502dc1) Importer(815301076,1909f56bfc062723c751e8b465ee728b)  -> (artifact id: '7da36b1bfe7b7c4ad9e0287dc7e5c1e1') in 0.039994 seconds 
  Import took 0.044447 seconds .

========================================================================
Received Import Request.
  Time since last request: 0.000261 seconds.
  path: Assets/AurynSky/Gems Ultimate Pack/Prefabs/Diamondo5side.prefab
  artifactKey: Guid(cd34118c604e29141afea74caecd70f2) Importer(815301076,1909f56bfc062723c751e8b465ee728b)
Start importing Assets/AurynSky/Gems Ultimate Pack/Prefabs/Diamondo5side.prefab using Guid(cd34118c604e29141afea74caecd70f2) Importer(815301076,1909f56bfc062723c751e8b465ee728b)  -> (artifact id: 'a1432051aad5605665ef91774a94c332') in 0.041976 seconds 
  Import took 0.046451 seconds .

========================================================================
Received Import Request.
  Time since last request: 0.000275 seconds.
  path: Assets/AurynSky/Gems Ultimate Pack/Prefabs/5 Side Diamond.prefab
  artifactKey: Guid(c3c0707254334a64ca8198f7486e977d) Importer(815301076,1909f56bfc062723c751e8b465ee728b)
Start importing Assets/AurynSky/Gems Ultimate Pack/Prefabs/5 Side Diamond.prefab using Guid(c3c0707254334a64ca8198f7486e977d) Importer(815301076,1909f56bfc062723c751e8b465ee728b)  -> (artifact id: '924badb3937730dd493ac32952125c2c') in 0.039958 seconds 
  Import took 0.044723 seconds .

========================================================================
Received Import Request.
  Time since last request: 0.000266 seconds.
  path: Assets/AurynSky/Gems Ultimate Pack/Prefabs/HardStar.prefab
  artifactKey: Guid(c4bf8b30fce268044a786a8600922324) Importer(815301076,1909f56bfc062723c751e8b465ee728b)
Start importing Assets/AurynSky/Gems Ultimate Pack/Prefabs/HardStar.prefab using Guid(c4bf8b30fce268044a786a8600922324) Importer(815301076,1909f56bfc062723c751e8b465ee728b)  -> (artifact id: '8b40a4fb11bf98e4dabd38476cdecd3e') in 0.040871 seconds 
  Import took 0.045309 seconds .

========================================================================
Received Import Request.
  Time since last request: 0.000283 seconds.
  path: Assets/AurynSky/Gems Ultimate Pack/Prefabs/Penta.prefab
  artifactKey: Guid(1a73058088a4b204bb3a13aff5c48489) Importer(815301076,1909f56bfc062723c751e8b465ee728b)
Start importing Assets/AurynSky/Gems Ultimate Pack/Prefabs/Penta.prefab using Guid(1a73058088a4b204bb3a13aff5c48489) Importer(815301076,1909f56bfc062723c751e8b465ee728b)  -> (artifact id: '456f4bed5eae00e83574fa0a4e9f37d0') in 0.042057 seconds 
  Import took 0.046492 seconds .

========================================================================
Received Import Request.
  Time since last request: 0.000259 seconds.
  path: Assets/AurynSky/Gems Ultimate Pack/Prefabs/CubieBeveled.prefab
  artifactKey: Guid(b34bf25cecb5fc24c91de3edea19cb13) Importer(815301076,1909f56bfc062723c751e8b465ee728b)
Start importing Assets/AurynSky/Gems Ultimate Pack/Prefabs/CubieBeveled.prefab using Guid(b34bf25cecb5fc24c91de3edea19cb13) Importer(815301076,1909f56bfc062723c751e8b465ee728b)  -> (artifact id: 'bc6e1bd398caec14818d7826d884d805') in 0.035241 seconds 
  Import took 0.039313 seconds .

========================================================================
Received Import Request.
  Time since last request: 0.000244 seconds.
  path: Assets/AurynSky/Gems Ultimate Pack/Prefabs/SoftStar.prefab
  artifactKey: Guid(8f226a393243a0141bace5fd6b60bafa) Importer(815301076,1909f56bfc062723c751e8b465ee728b)
Start importing Assets/AurynSky/Gems Ultimate Pack/Prefabs/SoftStar.prefab using Guid(8f226a393243a0141bace5fd6b60bafa) Importer(815301076,1909f56bfc062723c751e8b465ee728b)  -> (artifact id: '0255a33a8a8a0aad507629b9dfc3f8c0') in 0.031575 seconds 
  Import took 0.034845 seconds .

========================================================================
Received Import Request.
  Time since last request: 0.000314 seconds.
  path: Assets/AurynSky/Gems Ultimate Pack/Prefabs/Spiral.prefab
  artifactKey: Guid(586acbe765df7c34385298970076297e) Importer(815301076,1909f56bfc062723c751e8b465ee728b)
Start importing Assets/AurynSky/Gems Ultimate Pack/Prefabs/Spiral.prefab using Guid(586acbe765df7c34385298970076297e) Importer(815301076,1909f56bfc062723c751e8b465ee728b)  -> (artifact id: '4446255fa38422634e92b6aca12c57b6') in 0.033485 seconds 
  Import took 0.036975 seconds .

========================================================================
Received Prepare
Registering precompiled user dll's ...
Registered in 0.008172 seconds.
Begin MonoManager ReloadAssembly
Native extension for LinuxStandalone target not found
Native extension for WindowsStandalone target not found
Native extension for WebGL target not found
Refreshing native plugins compatible for Editor in 1.57 ms, found 5 plugins.
Preloading 2 native plugins for Editor in 0.30 ms.
System.NullReferenceException: Object reference not set to an instance of an object
  at Vuforia.EditorClasses.ExtensionTypeProvider.GetVuforiaPackageAbsPath () [0x0004a] in <67f168408fbf4fce9c04342c093e9fe7>:0 
  at Vuforia.EditorClasses.ExtensionTypeProvider.IsPackageManager () [0x00000] in <67f168408fbf4fce9c04342c093e9fe7>:0 
  at Vuforia.EditorClasses.ExtensionTypeProvider.ResolvePluginType () [0x00009] in <67f168408fbf4fce9c04342c093e9fe7>:0 
  at Vuforia.EditorClasses.ExtensionTypeProvider.GetPluginType () [0x0000c] in <67f168408fbf4fce9c04342c093e9fe7>:0 
  at Vuforia.EditorClasses.VuforiaUtilities.IsVuforiaEnabledInPlayerSettings () [0x00000] in <67f168408fbf4fce9c04342c093e9fe7>:0 
  at VuforiaEnabledObserver..cctor () [0x00000] in <67f168408fbf4fce9c04342c093e9fe7>:0 
UnityEngine.StackTraceUtility:ExtractStackTrace ()
UnityEngine.DebugLogHandler:LogFormat (UnityEngine.LogType,UnityEngine.Object,string,object[])
UnityEngine.Logger:Log (UnityEngine.LogType,object)
UnityEngine.Debug:LogError (object)
UnityEditor.EditorAssemblies:ProcessInitializeOnLoadAttributes (System.Type[])

System.NullReferenceException: Object reference not set to an instance of an object
  at Vuforia.EditorClasses.ExtensionTypeProvider.GetVuforiaPackageAbsPath () [0x0004a] in <67f168408fbf4fce9c04342c093e9fe7>:0 
  at Vuforia.EditorClasses.ExtensionTypeProvider.IsPackageManager () [0x00000] in <67f168408fbf4fce9c04342c093e9fe7>:0 
  at Vuforia.EditorClasses.ExtensionTypeProvider.ResolvePluginType () [0x00009] in <67f168408fbf4fce9c04342c093e9fe7>:0 
  at Vuforia.EditorClasses.ExtensionTypeProvider.GetPluginType () [0x0000c] in <67f168408fbf4fce9c04342c093e9fe7>:0 
  at Vuforia.EditorClasses.VuforiaUtilities.IsVuforiaEnabledInPlayerSettings () [0x00000] in <67f168408fbf4fce9c04342c093e9fe7>:0 
  at Vuforia.EditorClasses.InitializeOnLoadVuforiaTaskRunner..cctor () [0x00015] in <67f168408fbf4fce9c04342c093e9fe7>:0 
UnityEngine.StackTraceUtility:ExtractStackTrace ()
UnityEngine.DebugLogHandler:LogFormat (UnityEngine.LogType,UnityEngine.Object,string,object[])
UnityEngine.Logger:Log (UnityEngine.LogType,object)
UnityEngine.Debug:LogError (object)
UnityEditor.EditorAssemblies:ProcessInitializeOnLoadAttributes (System.Type[])

Mono: successfully reloaded assembly
- Completed reload, in  1.571 seconds
Domain Reload Profiling:
	ReloadAssembly (1572ms)
		BeginReloadAssembly (120ms)
			ExecutionOrderSort (0ms)
			DisableScriptedObjects (6ms)
			BackupInstance (0ms)
			ReleaseScriptingObjects (0ms)
			CreateAndSetChildDomain (41ms)
		EndReloadAssembly (1376ms)
			LoadAssemblies (94ms)
			RebuildTransferFunctionScriptingTraits (0ms)
			SetupTypeCache (328ms)
			ReleaseScriptCaches (1ms)
			RebuildScriptCaches (42ms)
			SetupLoadedEditorAssemblies (687ms)
				LogAssemblyErrors (0ms)
				InitializePlatformSupportModulesInManaged (13ms)
				SetLoadedEditorAssemblies (2ms)
				RefreshPlugins (2ms)
				BeforeProcessingInitializeOnLoad (157ms)
				ProcessInitializeOnLoadAttributes (498ms)
				ProcessInitializeOnLoadMethodAttributes (10ms)
				AfterProcessingInitializeOnLoad (6ms)
				EditorAssembliesLoaded (0ms)
			ExecutionOrderSort2 (0ms)
			AwakeInstancesAfterBackupRestoration (9ms)
Platform modules already initialized, skipping
Switching build target platform(19) subTarget(0) extendedPlatform(0) -> platform(13) subTarget(537395200) extendedPlatform(0)
Refreshing native plugins compatible for Editor in 0.76 ms, found 5 plugins.
Preloading 2 native plugins for Editor in 0.13 ms.
Unloading 1613 Unused Serialized files (Serialized files now loaded: 0)
System memory in use before: 78.4 MB.
System memory in use after: 78.5 MB.

Unloading 43 unused Assets to reduce memory usage. Loaded Objects now: 2359.
Total: 3.958500 ms (FindLiveObjects: 0.210900 ms CreateObjectMapping: 0.059100 ms MarkObjects: 3.654900 ms  DeleteObjects: 0.032300 ms)

AssetImportParameters requested are different than current active one (requested -> active):
  custom:framework-win-MediaFoundation: 216162199b28c13a410421893ffa2e32 -> 
  custom:video-decoder-ogg-theora: a1e56fd34408186e4bbccfd4996cb3dc -> 
  custom:container-muxer-webm: aa71ff27fc2769a1b78a27578f13a17b -> 
  custom:container-demuxer-webm: 4f35f7cbe854078d1ac9338744f61a02 -> 
  custom:container-demuxer-ogg: 62fdf1f143b41e24485cea50d1cbac27 -> 
  custom:video-encoder-webm-vp8: eb34c28f22e8b96e1ab97ce403110664 -> 
  custom:video-decoder-webm-vp8: 9c59270c3fd7afecdb556c50c9e8de78 -> 
  custom:graphics/normal-map-encoding: 01000000000000000000000000000000 -> 02000000000000000000000000000000
  custom:audio-decoder-ogg-vorbis: bf7c407c2cedff20999df2af8eb42d56 -> 
  custom:audio-encoder-webm-vorbis: bf7c407c2cedff20999df2af8eb42d56 -> 
========================================================================
Received Prepare
Registering precompiled user dll's ...
Registered in 0.009622 seconds.
Begin MonoManager ReloadAssembly
Native extension for LinuxStandalone target not found
Native extension for WindowsStandalone target not found
Native extension for WebGL target not found
Refreshing native plugins compatible for Editor in 1.07 ms, found 5 plugins.
Preloading 2 native plugins for Editor in 0.21 ms.
System.NullReferenceException: Object reference not set to an instance of an object
  at Vuforia.EditorClasses.ExtensionTypeProvider.GetVuforiaPackageAbsPath () [0x0004a] in <67f168408fbf4fce9c04342c093e9fe7>:0 
  at Vuforia.EditorClasses.ExtensionTypeProvider.IsPackageManager () [0x00000] in <67f168408fbf4fce9c04342c093e9fe7>:0 
  at Vuforia.EditorClasses.ExtensionTypeProvider.ResolvePluginType () [0x00009] in <67f168408fbf4fce9c04342c093e9fe7>:0 
  at Vuforia.EditorClasses.ExtensionTypeProvider.GetPluginType () [0x0000c] in <67f168408fbf4fce9c04342c093e9fe7>:0 
  at Vuforia.EditorClasses.VuforiaUtilities.IsVuforiaEnabledInPlayerSettings () [0x00000] in <67f168408fbf4fce9c04342c093e9fe7>:0 
  at VuforiaEnabledObserver..cctor () [0x00000] in <67f168408fbf4fce9c04342c093e9fe7>:0 
UnityEngine.StackTraceUtility:ExtractStackTrace ()
UnityEngine.DebugLogHandler:LogFormat (UnityEngine.LogType,UnityEngine.Object,string,object[])
UnityEngine.Logger:Log (UnityEngine.LogType,object)
UnityEngine.Debug:LogError (object)
UnityEditor.EditorAssemblies:ProcessInitializeOnLoadAttributes (System.Type[])

System.NullReferenceException: Object reference not set to an instance of an object
  at Vuforia.EditorClasses.ExtensionTypeProvider.GetVuforiaPackageAbsPath () [0x0004a] in <67f168408fbf4fce9c04342c093e9fe7>:0 
  at Vuforia.EditorClasses.ExtensionTypeProvider.IsPackageManager () [0x00000] in <67f168408fbf4fce9c04342c093e9fe7>:0 
  at Vuforia.EditorClasses.ExtensionTypeProvider.ResolvePluginType () [0x00009] in <67f168408fbf4fce9c04342c093e9fe7>:0 
  at Vuforia.EditorClasses.ExtensionTypeProvider.GetPluginType () [0x0000c] in <67f168408fbf4fce9c04342c093e9fe7>:0 
  at Vuforia.EditorClasses.VuforiaUtilities.IsVuforiaEnabledInPlayerSettings () [0x00000] in <67f168408fbf4fce9c04342c093e9fe7>:0 
  at Vuforia.EditorClasses.InitializeOnLoadVuforiaTaskRunner..cctor () [0x00015] in <67f168408fbf4fce9c04342c093e9fe7>:0 
UnityEngine.StackTraceUtility:ExtractStackTrace ()
UnityEngine.DebugLogHandler:LogFormat (UnityEngine.LogType,UnityEngine.Object,string,object[])
UnityEngine.Logger:Log (UnityEngine.LogType,object)
UnityEngine.Debug:LogError (object)
UnityEditor.EditorAssemblies:ProcessInitializeOnLoadAttributes (System.Type[])

Mono: successfully reloaded assembly
- Completed reload, in  1.858 seconds
Domain Reload Profiling:
	ReloadAssembly (1858ms)
		BeginReloadAssembly (121ms)
			ExecutionOrderSort (0ms)
			DisableScriptedObjects (5ms)
			BackupInstance (0ms)
			ReleaseScriptingObjects (0ms)
			CreateAndSetChildDomain (35ms)
		EndReloadAssembly (1667ms)
			LoadAssemblies (97ms)
			RebuildTransferFunctionScriptingTraits (0ms)
			SetupTypeCache (477ms)
			ReleaseScriptCaches (1ms)
			RebuildScriptCaches (85ms)
			SetupLoadedEditorAssemblies (736ms)
				LogAssemblyErrors (0ms)
				InitializePlatformSupportModulesInManaged (17ms)
				SetLoadedEditorAssemblies (1ms)
				RefreshPlugins (1ms)
				BeforeProcessingInitializeOnLoad (169ms)
				ProcessInitializeOnLoadAttributes (535ms)
				ProcessInitializeOnLoadMethodAttributes (8ms)
				AfterProcessingInitializeOnLoad (5ms)
				EditorAssembliesLoaded (0ms)
			ExecutionOrderSort2 (0ms)
			AwakeInstancesAfterBackupRestoration (7ms)
Platform modules already initialized, skipping
Switching build target platform(19) subTarget(0) extendedPlatform(0) -> platform(13) subTarget(537395200) extendedPlatform(0)
Refreshing native plugins compatible for Editor in 1.73 ms, found 5 plugins.
Preloading 2 native plugins for Editor in 0.31 ms.
Unloading 1613 Unused Serialized files (Serialized files now loaded: 0)
System memory in use before: 78.4 MB.
System memory in use after: 78.5 MB.

Unloading 43 unused Assets to reduce memory usage. Loaded Objects now: 2362.
Total: 8.765900 ms (FindLiveObjects: 0.336800 ms CreateObjectMapping: 0.142700 ms MarkObjects: 8.202700 ms  DeleteObjects: 0.080800 ms)

AssetImportParameters requested are different than current active one (requested -> active):
  custom:framework-win-MediaFoundation: 216162199b28c13a410421893ffa2e32 -> 
  custom:video-decoder-ogg-theora: a1e56fd34408186e4bbccfd4996cb3dc -> 
  custom:container-muxer-webm: aa71ff27fc2769a1b78a27578f13a17b -> 
  custom:container-demuxer-webm: 4f35f7cbe854078d1ac9338744f61a02 -> 
  custom:container-demuxer-ogg: 62fdf1f143b41e24485cea50d1cbac27 -> 
  custom:video-encoder-webm-vp8: eb34c28f22e8b96e1ab97ce403110664 -> 
  custom:video-decoder-webm-vp8: 9c59270c3fd7afecdb556c50c9e8de78 -> 
  custom:graphics/normal-map-encoding: 01000000000000000000000000000000 -> 02000000000000000000000000000000
  custom:audio-decoder-ogg-vorbis: bf7c407c2cedff20999df2af8eb42d56 -> 
  custom:audio-encoder-webm-vorbis: bf7c407c2cedff20999df2af8eb42d56 -> 
========================================================================
Received Prepare
Refreshing native plugins compatible for Editor in 10.56 ms, found 5 plugins.
Preloading 2 native plugins for Editor in 0.10 ms.
Unloading 40 Unused Serialized files (Serialized files now loaded: 0)
System memory in use before: 47.7 MB.
System memory in use after: 47.8 MB.

Unloading 40 unused Assets to reduce memory usage. Loaded Objects now: 2362.
Total: 3.143100 ms (FindLiveObjects: 0.203000 ms CreateObjectMapping: 0.066200 ms MarkObjects: 2.852900 ms  DeleteObjects: 0.020100 ms)

AssetImportParameters requested are different than current active one (requested -> active):
  custom:framework-win-MediaFoundation: 216162199b28c13a410421893ffa2e32 -> 
  custom:video-decoder-ogg-theora: a1e56fd34408186e4bbccfd4996cb3dc -> 
  custom:container-muxer-webm: aa71ff27fc2769a1b78a27578f13a17b -> 
  custom:container-demuxer-webm: 4f35f7cbe854078d1ac9338744f61a02 -> 
  custom:container-demuxer-ogg: 62fdf1f143b41e24485cea50d1cbac27 -> 
  custom:video-encoder-webm-vp8: eb34c28f22e8b96e1ab97ce403110664 -> 
  custom:video-decoder-webm-vp8: 9c59270c3fd7afecdb556c50c9e8de78 -> 
  custom:audio-decoder-ogg-vorbis: bf7c407c2cedff20999df2af8eb42d56 -> 
  custom:audio-encoder-webm-vorbis: bf7c407c2cedff20999df2af8eb42d56 -> 
========================================================================
Received Prepare
Registering precompiled user dll's ...
Registered in 0.010256 seconds.
Begin MonoManager ReloadAssembly
Native extension for LinuxStandalone target not found
Native extension for WindowsStandalone target not found
Native extension for WebGL target not found
Refreshing native plugins compatible for Editor in 0.66 ms, found 5 plugins.
Preloading 2 native plugins for Editor in 0.11 ms.
System.NullReferenceException: Object reference not set to an instance of an object
  at Vuforia.EditorClasses.ExtensionTypeProvider.GetVuforiaPackageAbsPath () [0x0004a] in <67f168408fbf4fce9c04342c093e9fe7>:0 
  at Vuforia.EditorClasses.ExtensionTypeProvider.IsPackageManager () [0x00000] in <67f168408fbf4fce9c04342c093e9fe7>:0 
  at Vuforia.EditorClasses.ExtensionTypeProvider.ResolvePluginType () [0x00009] in <67f168408fbf4fce9c04342c093e9fe7>:0 
  at Vuforia.EditorClasses.ExtensionTypeProvider.GetPluginType () [0x0000c] in <67f168408fbf4fce9c04342c093e9fe7>:0 
  at Vuforia.EditorClasses.VuforiaUtilities.IsVuforiaEnabledInPlayerSettings () [0x00000] in <67f168408fbf4fce9c04342c093e9fe7>:0 
  at VuforiaEnabledObserver..cctor () [0x00000] in <67f168408fbf4fce9c04342c093e9fe7>:0 
UnityEngine.StackTraceUtility:ExtractStackTrace ()
UnityEngine.DebugLogHandler:LogFormat (UnityEngine.LogType,UnityEngine.Object,string,object[])
UnityEngine.Logger:Log (UnityEngine.LogType,object)
UnityEngine.Debug:LogError (object)
UnityEditor.EditorAssemblies:ProcessInitializeOnLoadAttributes (System.Type[])

System.NullReferenceException: Object reference not set to an instance of an object
  at Vuforia.EditorClasses.ExtensionTypeProvider.GetVuforiaPackageAbsPath () [0x0004a] in <67f168408fbf4fce9c04342c093e9fe7>:0 
  at Vuforia.EditorClasses.ExtensionTypeProvider.IsPackageManager () [0x00000] in <67f168408fbf4fce9c04342c093e9fe7>:0 
  at Vuforia.EditorClasses.ExtensionTypeProvider.ResolvePluginType () [0x00009] in <67f168408fbf4fce9c04342c093e9fe7>:0 
  at Vuforia.EditorClasses.ExtensionTypeProvider.GetPluginType () [0x0000c] in <67f168408fbf4fce9c04342c093e9fe7>:0 
  at Vuforia.EditorClasses.VuforiaUtilities.IsVuforiaEnabledInPlayerSettings () [0x00000] in <67f168408fbf4fce9c04342c093e9fe7>:0 
  at Vuforia.EditorClasses.InitializeOnLoadVuforiaTaskRunner..cctor () [0x00015] in <67f168408fbf4fce9c04342c093e9fe7>:0 
UnityEngine.StackTraceUtility:ExtractStackTrace ()
UnityEngine.DebugLogHandler:LogFormat (UnityEngine.LogType,UnityEngine.Object,string,object[])
UnityEngine.Logger:Log (UnityEngine.LogType,object)
UnityEngine.Debug:LogError (object)
UnityEditor.EditorAssemblies:ProcessInitializeOnLoadAttributes (System.Type[])

Mono: successfully reloaded assembly
- Completed reload, in  1.056 seconds
Domain Reload Profiling:
	ReloadAssembly (1056ms)
		BeginReloadAssembly (145ms)
			ExecutionOrderSort (0ms)
			DisableScriptedObjects (4ms)
			BackupInstance (0ms)
			ReleaseScriptingObjects (0ms)
			CreateAndSetChildDomain (45ms)
		EndReloadAssembly (848ms)
			LoadAssemblies (105ms)
			RebuildTransferFunctionScriptingTraits (0ms)
			SetupTypeCache (282ms)
			ReleaseScriptCaches (1ms)
			RebuildScriptCaches (35ms)
			SetupLoadedEditorAssemblies (322ms)
				LogAssemblyErrors (0ms)
				InitializePlatformSupportModulesInManaged (6ms)
				SetLoadedEditorAssemblies (0ms)
				RefreshPlugins (1ms)
				BeforeProcessingInitializeOnLoad (62ms)
				ProcessInitializeOnLoadAttributes (240ms)
				ProcessInitializeOnLoadMethodAttributes (8ms)
				AfterProcessingInitializeOnLoad (5ms)
				EditorAssembliesLoaded (0ms)
			ExecutionOrderSort2 (0ms)
			AwakeInstancesAfterBackupRestoration (6ms)
Platform modules already initialized, skipping
Switching build target platform(19) subTarget(0) extendedPlatform(0) -> platform(13) subTarget(537395200) extendedPlatform(0)
Refreshing native plugins compatible for Editor in 0.71 ms, found 5 plugins.
Preloading 2 native plugins for Editor in 0.12 ms.
Unloading 1613 Unused Serialized files (Serialized files now loaded: 0)
System memory in use before: 78.4 MB.
System memory in use after: 78.5 MB.

Unloading 43 unused Assets to reduce memory usage. Loaded Objects now: 2365.
Total: 3.603200 ms (FindLiveObjects: 0.176600 ms CreateObjectMapping: 0.059800 ms MarkObjects: 3.339700 ms  DeleteObjects: 0.025900 ms)

AssetImportParameters requested are different than current active one (requested -> active):
  custom:framework-win-MediaFoundation: 216162199b28c13a410421893ffa2e32 -> 
  custom:video-decoder-ogg-theora: a1e56fd34408186e4bbccfd4996cb3dc -> 
  custom:container-muxer-webm: aa71ff27fc2769a1b78a27578f13a17b -> 
  custom:container-demuxer-webm: 4f35f7cbe854078d1ac9338744f61a02 -> 
  custom:container-demuxer-ogg: 62fdf1f143b41e24485cea50d1cbac27 -> 
  custom:video-encoder-webm-vp8: eb34c28f22e8b96e1ab97ce403110664 -> 
  custom:video-decoder-webm-vp8: 9c59270c3fd7afecdb556c50c9e8de78 -> 
  custom:graphics/normal-map-encoding: 01000000000000000000000000000000 -> 02000000000000000000000000000000
  custom:audio-decoder-ogg-vorbis: bf7c407c2cedff20999df2af8eb42d56 -> 
  custom:audio-encoder-webm-vorbis: bf7c407c2cedff20999df2af8eb42d56 -> 
========================================================================
Received Prepare
Refreshing native plugins compatible for Editor in 11.56 ms, found 5 plugins.
Preloading 2 native plugins for Editor in 0.10 ms.
Unloading 40 Unused Serialized files (Serialized files now loaded: 0)
System memory in use before: 47.7 MB.
System memory in use after: 47.8 MB.

Unloading 40 unused Assets to reduce memory usage. Loaded Objects now: 2365.
Total: 3.447200 ms (FindLiveObjects: 0.187200 ms CreateObjectMapping: 0.049700 ms MarkObjects: 3.188100 ms  DeleteObjects: 0.021100 ms)

AssetImportParameters requested are different than current active one (requested -> active):
  custom:framework-win-MediaFoundation: 216162199b28c13a410421893ffa2e32 -> 
  custom:video-decoder-ogg-theora: a1e56fd34408186e4bbccfd4996cb3dc -> 
  custom:container-muxer-webm: aa71ff27fc2769a1b78a27578f13a17b -> 
  custom:container-demuxer-webm: 4f35f7cbe854078d1ac9338744f61a02 -> 
  custom:container-demuxer-ogg: 62fdf1f143b41e24485cea50d1cbac27 -> 
  custom:video-encoder-webm-vp8: eb34c28f22e8b96e1ab97ce403110664 -> 
  custom:video-decoder-webm-vp8: 9c59270c3fd7afecdb556c50c9e8de78 -> 
  custom:audio-decoder-ogg-vorbis: bf7c407c2cedff20999df2af8eb42d56 -> 
  custom:audio-encoder-webm-vorbis: bf7c407c2cedff20999df2af8eb42d56 -> 
